  tanc.cpp
C:\Users\Simona\source\repos\Tanc\tanc.cpp(49,31): warning C4305: 'initializing': truncation from 'double' to 'GLfloat'
C:\Users\Simona\source\repos\Tanc\tanc.cpp(52,18): warning C4305: '-=': truncation from 'double' to 'GLfloat'
C:\Users\Simona\source\repos\Tanc\tanc.cpp(58,17): warning C4305: '=': truncation from 'double' to 'GLfloat'
C:\Users\Simona\source\repos\Tanc\tanc.cpp(166,26): warning C4305: 'argument': truncation from 'double' to 'GLfloat'
C:\Users\Simona\source\repos\Tanc\tanc.cpp(326,26): warning C4305: 'argument': truncation from 'double' to 'GLfloat'
C:\Users\Simona\source\repos\Tanc\tanc.cpp(396,27): warning C4305: 'argument': truncation from 'double' to 'GLfloat'
C:\Users\Simona\source\repos\Tanc\tanc.cpp(408,27): warning C4305: 'argument': truncation from 'double' to 'GLfloat'
C:\Users\Simona\source\repos\Tanc\tanc.cpp(420,27): warning C4305: 'argument': truncation from 'double' to 'GLfloat'
C:\Users\Simona\source\repos\Tanc\tanc.cpp(436,27): warning C4305: 'argument': truncation from 'double' to 'GLfloat'
C:\Users\Simona\source\repos\Tanc\tanc.cpp(449,27): warning C4305: 'argument': truncation from 'double' to 'GLfloat'
C:\Users\Simona\source\repos\Tanc\tanc.cpp(462,27): warning C4305: 'argument': truncation from 'double' to 'GLfloat'
C:\Users\Simona\source\repos\Tanc\tanc.cpp(475,27): warning C4305: 'argument': truncation from 'double' to 'GLfloat'
C:\Users\Simona\source\repos\Tanc\tanc.cpp(487,27): warning C4305: 'argument': truncation from 'double' to 'GLfloat'
C:\Users\Simona\source\repos\Tanc\tanc.cpp(503,27): warning C4305: 'argument': truncation from 'double' to 'GLfloat'
C:\Users\Simona\source\repos\Tanc\tanc.cpp(517,27): warning C4305: 'argument': truncation from 'double' to 'GLfloat'
C:\Users\Simona\source\repos\Tanc\tanc.cpp(531,27): warning C4305: 'argument': truncation from 'double' to 'GLfloat'
C:\Users\Simona\source\repos\Tanc\tanc.cpp(545,27): warning C4305: 'argument': truncation from 'double' to 'GLfloat'
C:\Users\Simona\source\repos\Tanc\tanc.cpp(558,27): warning C4305: 'argument': truncation from 'double' to 'GLfloat'
C:\Users\Simona\source\repos\Tanc\tanc.cpp(560,35): warning C4305: 'argument': truncation from 'double' to 'GLfloat'
C:\Users\Simona\source\repos\Tanc\tanc.cpp(571,26): warning C4305: 'argument': truncation from 'double' to 'GLfloat'
C:\Users\Simona\source\repos\Tanc\tanc.cpp(636,26): warning C4305: 'argument': truncation from 'double' to 'GLfloat'
C:\Users\Simona\source\repos\Tanc\tanc.cpp(672,26): warning C4305: 'argument': truncation from 'double' to 'GLfloat'
C:\Users\Simona\source\repos\Tanc\tanc.cpp(680,27): warning C4305: 'argument': truncation from 'double' to 'GLfloat'
C:\Users\Simona\source\repos\Tanc\tanc.cpp(697,27): warning C4305: 'argument': truncation from 'double' to 'GLfloat'
C:\Users\Simona\source\repos\Tanc\tanc.cpp(713,27): warning C4305: 'argument': truncation from 'double' to 'GLfloat'
C:\Users\Simona\source\repos\Tanc\tanc.cpp(730,27): warning C4305: 'argument': truncation from 'double' to 'GLfloat'
C:\Users\Simona\source\repos\Tanc\tanc.cpp(746,27): warning C4305: 'argument': truncation from 'double' to 'GLfloat'
C:\Users\Simona\source\repos\Tanc\tanc.cpp(763,27): warning C4305: 'argument': truncation from 'double' to 'GLfloat'
C:\Users\Simona\source\repos\Tanc\tanc.cpp(779,27): warning C4305: 'argument': truncation from 'double' to 'GLfloat'
C:\Users\Simona\source\repos\Tanc\tanc.cpp(796,27): warning C4305: 'argument': truncation from 'double' to 'GLfloat'
C:\Users\Simona\source\repos\Tanc\tanc.cpp(812,27): warning C4305: 'argument': truncation from 'double' to 'GLfloat'
C:\Users\Simona\source\repos\Tanc\tanc.cpp(829,27): warning C4305: 'argument': truncation from 'double' to 'GLfloat'
C:\Users\Simona\source\repos\Tanc\tanc.cpp(845,27): warning C4305: 'argument': truncation from 'double' to 'GLfloat'
C:\Users\Simona\source\repos\Tanc\tanc.cpp(863,26): warning C4305: 'argument': truncation from 'double' to 'GLfloat'
C:\Users\Simona\source\repos\Tanc\tanc.cpp(927,26): warning C4305: 'argument': truncation from 'double' to 'GLfloat'
C:\Users\Simona\source\repos\Tanc\tanc.cpp(963,26): warning C4305: 'argument': truncation from 'double' to 'GLfloat'
C:\Users\Simona\source\repos\Tanc\tanc.cpp(971,27): warning C4305: 'argument': truncation from 'double' to 'GLfloat'
C:\Users\Simona\source\repos\Tanc\tanc.cpp(988,27): warning C4305: 'argument': truncation from 'double' to 'GLfloat'
C:\Users\Simona\source\repos\Tanc\tanc.cpp(1004,27): warning C4305: 'argument': truncation from 'double' to 'GLfloat'
C:\Users\Simona\source\repos\Tanc\tanc.cpp(1021,27): warning C4305: 'argument': truncation from 'double' to 'GLfloat'
C:\Users\Simona\source\repos\Tanc\tanc.cpp(1037,27): warning C4305: 'argument': truncation from 'double' to 'GLfloat'
C:\Users\Simona\source\repos\Tanc\tanc.cpp(1054,27): warning C4305: 'argument': truncation from 'double' to 'GLfloat'
C:\Users\Simona\source\repos\Tanc\tanc.cpp(1070,27): warning C4305: 'argument': truncation from 'double' to 'GLfloat'
C:\Users\Simona\source\repos\Tanc\tanc.cpp(1087,27): warning C4305: 'argument': truncation from 'double' to 'GLfloat'
C:\Users\Simona\source\repos\Tanc\tanc.cpp(1103,27): warning C4305: 'argument': truncation from 'double' to 'GLfloat'
C:\Users\Simona\source\repos\Tanc\tanc.cpp(1120,27): warning C4305: 'argument': truncation from 'double' to 'GLfloat'
C:\Users\Simona\source\repos\Tanc\tanc.cpp(1136,27): warning C4305: 'argument': truncation from 'double' to 'GLfloat'
C:\Users\Simona\source\repos\Tanc\tanc.cpp(1280,27): warning C4305: 'argument': truncation from 'double' to 'GLfloat'
C:\Users\Simona\source\repos\Tanc\tanc.cpp(1307,35): warning C4305: 'argument': truncation from 'double' to 'GLclampf'
C:\Users\Simona\source\repos\Tanc\tanc.cpp(1344,29): warning C4305: 'argument': truncation from 'double' to 'GLfloat'
  Tanc.vcxproj -> C:\Users\Simona\source\repos\Tanc\Debug\Tanc.exe
